<?xml version="1.0" encoding="UTF-8"?>
<testng-results ignored="0" total="2" passed="2" failed="0" skipped="0">
  <reporter-output>
  </reporter-output>
  <suite started-at="2020-03-29T12:27:23 IST" name="Gymondo Automation test cases" finished-at="2020-03-29T12:28:23 IST" duration-ms="59412">
    <groups>
    </groups>
    <test started-at="2020-03-29T12:27:23 IST" name="Gymondo Automation" finished-at="2020-03-29T12:28:23 IST" duration-ms="59412">
      <class name="com.gymondo.testcase.appTestcases">
        <test-method is-config="true" signature="appiumConfig()[pri:0, instance:com.gymondo.testcase.appTestcases@51a9ad5e]" started-at="2020-03-29T12:27:23 IST" name="appiumConfig" finished-at="2020-03-29T12:27:48 IST" duration-ms="24437" status="PASS">
          <reporter-output>
          </reporter-output>
        </test-method> <!-- appiumConfig -->
        <test-method is-config="true" signature="userlogin()[pri:0, instance:com.gymondo.testcase.appTestcases@51a9ad5e]" started-at="2020-03-29T12:27:48 IST" name="userlogin" finished-at="2020-03-29T12:27:50 IST" duration-ms="2071" status="PASS">
          <reporter-output>
          </reporter-output>
        </test-method> <!-- userlogin -->
        <test-method signature="verifyloginTest()[pri:1, instance:com.gymondo.testcase.appTestcases@51a9ad5e]" started-at="2020-03-29T12:27:50 IST" name="verifyloginTest" finished-at="2020-03-29T12:27:52 IST" duration-ms="2027" status="PASS">
          <reporter-output>
          </reporter-output>
        </test-method> <!-- verifyloginTest -->
        <test-method is-config="true" signature="appiumConfig()[pri:0, instance:com.gymondo.testcase.appTestcases@51a9ad5e]" started-at="2020-03-29T12:27:52 IST" name="appiumConfig" finished-at="2020-03-29T12:28:16 IST" duration-ms="23944" status="PASS">
          <reporter-output>
          </reporter-output>
        </test-method> <!-- appiumConfig -->
        <test-method is-config="true" signature="userlogin()[pri:0, instance:com.gymondo.testcase.appTestcases@51a9ad5e]" started-at="2020-03-29T12:28:16 IST" name="userlogin" finished-at="2020-03-29T12:28:19 IST" duration-ms="2602" status="PASS">
          <reporter-output>
          </reporter-output>
        </test-method> <!-- userlogin -->
        <test-method signature="Searchtest()[pri:2, instance:com.gymondo.testcase.appTestcases@51a9ad5e]" started-at="2020-03-29T12:28:19 IST" name="Searchtest" finished-at="2020-03-29T12:28:23 IST" duration-ms="3953" status="PASS">
          <reporter-output>
          </reporter-output>
        </test-method> <!-- Searchtest -->
      </class> <!-- com.gymondo.testcase.appTestcases -->
    </test> <!-- Gymondo Automation -->
  </suite> <!-- Gymondo Automation test cases -->
</testng-results>
